This is pdfTeX, Version 3.14159265-2.6-1.40.18 (TeX Live 2017) (preloaded format=pdflatex 2017.7.12)  18 APR 2019 10:07
entering extended mode
 \write18 enabled.
 %&-line parsing enabled.
**main.tex
(/compile/main.tex
LaTeX2e <2017-04-15>
Babel <3.12> and hyphenation patterns for 84 language(s) loaded.
(/usr/local/texlive/2017/texmf-dist/tex/latex/base/article.cls
Document Class: article 2014/09/29 v1.4h Standard LaTeX document class
(/usr/local/texlive/2017/texmf-dist/tex/latex/base/size11.clo
File: size11.clo 2014/09/29 v1.4h Standard LaTeX file (size option)
)
\c@part=\count79
\c@section=\count80
\c@subsection=\count81
\c@subsubsection=\count82
\c@paragraph=\count83
\c@subparagraph=\count84
\c@figure=\count85
\c@table=\count86
\abovecaptionskip=\skip41
\belowcaptionskip=\skip42
\bibindent=\dimen102
) (/usr/local/texlive/2017/texmf-dist/tex/latex/graphics/graphicx.sty
Package: graphicx 2017/06/01 v1.1a Enhanced LaTeX Graphics (DPC,SPQR)
(/usr/local/texlive/2017/texmf-dist/tex/latex/graphics/keyval.sty
Package: keyval 2014/10/28 v1.15 key=value parser (DPC)
\KV@toks@=\toks14
) (/usr/local/texlive/2017/texmf-dist/tex/latex/graphics/graphics.sty
Package: graphics 2017/06/25 v1.2c Standard LaTeX Graphics (DPC,SPQR)
(/usr/local/texlive/2017/texmf-dist/tex/latex/graphics/trig.sty
Package: trig 2016/01/03 v1.10 sin cos tan (DPC)
) (/usr/local/texlive/2017/texmf-dist/tex/latex/graphics-cfg/graphics.cfg
File: graphics.cfg 2016/06/04 v1.11 sample graphics configuration
)
Package graphics Info: Driver file: pdftex.def on input line 99.
(/usr/local/texlive/2017/texmf-dist/tex/latex/graphics-def/pdftex.def
File: pdftex.def 2017/06/24 v1.0g Graphics/color driver for pdftex
))
\Gin@req@height=\dimen103
\Gin@req@width=\dimen104
) (/usr/local/texlive/2017/texmf-dist/tex/latex/hyphenat/hyphenat.sty
Package: hyphenat 2009/09/02 v2.3c hyphenation utilities
\langwohyphens=\language84
LaTeX Info: Redefining \_ on input line 43.
) (/usr/local/texlive/2017/texmf-dist/tex/latex/tools/array.sty
Package: array 2016/10/06 v2.4d Tabular extension package (FMi)
\col@sep=\dimen105
\extrarowheight=\dimen106
\NC@list=\toks15
\extratabsurround=\skip43
\backup@length=\skip44
) (/usr/local/texlive/2017/texmf-dist/tex/latex/parskip/parskip.sty
Package: parskip 2001/04/09 non-zero parskip adjustments
) (/usr/local/texlive/2017/texmf-dist/tex/latex/titlesec/titlesec.sty
Package: titlesec 2016/03/21 v2.10.2 Sectioning titles
\ttl@box=\box26
\beforetitleunit=\skip45
\aftertitleunit=\skip46
\ttl@plus=\dimen107
\ttl@minus=\dimen108
\ttl@toksa=\toks16
\titlewidth=\dimen109
\titlewidthlast=\dimen110
\titlewidthfirst=\dimen111
) (/usr/local/texlive/2017/texmf-dist/tex/latex/titling/titling.sty
Package: titling 2009/09/04 v2.1d maketitle typesetting
\thanksmarkwidth=\skip47
\thanksmargin=\skip48
\droptitle=\skip49
) (/usr/local/texlive/2017/texmf-dist/tex/latex/microtype/microtype.sty
Package: microtype 2016/05/14 v2.6a Micro-typographical refinements (RS)
\MT@toks=\toks17
\MT@count=\count87
LaTeX Info: Redefining \textls on input line 774.
\MT@outer@kern=\dimen112
LaTeX Info: Redefining \textmicrotypecontext on input line 1310.
\MT@listname@count=\count88
(/usr/local/texlive/2017/texmf-dist/tex/latex/microtype/microtype-pdftex.def
File: microtype-pdftex.def 2016/05/14 v2.6a Definitions specific to pdftex (RS)

LaTeX Info: Redefining \lsstyle on input line 916.
LaTeX Info: Redefining \lslig on input line 916.
\MT@outer@space=\skip50
)
Package microtype Info: Loading configuration file microtype.cfg.
(/usr/local/texlive/2017/texmf-dist/tex/latex/microtype/microtype.cfg
File: microtype.cfg 2016/05/14 v2.6a microtype main configuration file (RS)
)) (/usr/local/texlive/2017/texmf-dist/tex/latex/vwcol/vwcol.sty
Package: vwcol 2015/02/10 v0.2 Variable-width multicolumn text
(/usr/local/texlive/2017/texmf-dist/tex/latex/tools/calc.sty
Package: calc 2014/10/28 v4.3 Infix arithmetic (KKT,FJ)
\calc@Acount=\count89
\calc@Bcount=\count90
\calc@Adimen=\dimen113
\calc@Bdimen=\dimen114
\calc@Askip=\skip51
\calc@Bskip=\skip52
LaTeX Info: Redefining \setlength on input line 80.
LaTeX Info: Redefining \addtolength on input line 81.
\calc@Ccount=\count91
\calc@Cskip=\skip53
) (/usr/local/texlive/2017/texmf-dist/tex/latex/graphics/color.sty
Package: color 2016/07/10 v1.1e Standard LaTeX Color (DPC)
(/usr/local/texlive/2017/texmf-dist/tex/latex/graphics-cfg/color.cfg
File: color.cfg 2016/01/02 v1.6 sample color configuration
)
Package color Info: Driver file: pdftex.def on input line 147.
) (/usr/local/texlive/2017/texmf-dist/tex/latex/environ/environ.sty
Package: environ 2014/05/04 v0.3 A new way to define environments
(/usr/local/texlive/2017/texmf-dist/tex/latex/trimspaces/trimspaces.sty
Package: trimspaces 2009/09/17 v1.1 Trim spaces around a token list
)
\@envbody=\toks18
) (/usr/local/texlive/2017/texmf-dist/tex/latex/ms/ragged2e.sty
Package: ragged2e 2009/05/21 v2.1 ragged2e Package (MS)
(/usr/local/texlive/2017/texmf-dist/tex/latex/ms/everysel.sty
Package: everysel 2011/10/28 v1.2 EverySelectfont Package (MS)
)
\CenteringLeftskip=\skip54
\RaggedLeftLeftskip=\skip55
\RaggedRightLeftskip=\skip56
\CenteringRightskip=\skip57
\RaggedLeftRightskip=\skip58
\RaggedRightRightskip=\skip59
\CenteringParfillskip=\skip60
\RaggedLeftParfillskip=\skip61
\RaggedRightParfillskip=\skip62
\JustifyingParfillskip=\skip63
\CenteringParindent=\skip64
\RaggedLeftParindent=\skip65
\RaggedRightParindent=\skip66
\JustifyingParindent=\skip67
)
\vwcol@sep=\skip68
\vwcol@rule=\skip69
\vwcol@totalwidth=\skip70
\vwcol@averagewidth=\skip71
\vwcol@parindent=\skip72
\vwcol@last=\count92
\vwcol@Ncols=\count93
\vwcol@Nlines=\count94
\vwcol@maxrecursion=\count95
\vwcol@box=\box27
\vwcol@plainbox=\box28
\vwcol@outputbox=\box29
) (/usr/local/texlive/2017/texmf-dist/tex/latex/geometry/geometry.sty
Package: geometry 2010/09/12 v5.6 Page Geometry
(/usr/local/texlive/2017/texmf-dist/tex/generic/oberdiek/ifpdf.sty
Package: ifpdf 2017/03/15 v3.2 Provides the ifpdf switch
) (/usr/local/texlive/2017/texmf-dist/tex/generic/oberdiek/ifvtex.sty
Package: ifvtex 2016/05/16 v1.6 Detect VTeX and its facilities (HO)
Package ifvtex Info: VTeX not detected.
) (/usr/local/texlive/2017/texmf-dist/tex/generic/ifxetex/ifxetex.sty
Package: ifxetex 2010/09/12 v0.6 Provides ifxetex conditional
)
\Gm@cnth=\count96
\Gm@cntv=\count97
\c@Gm@tempcnt=\count98
\Gm@bindingoffset=\dimen115
\Gm@wd@mp=\dimen116
\Gm@odd@mp=\dimen117
\Gm@even@mp=\dimen118
\Gm@layoutwidth=\dimen119
\Gm@layoutheight=\dimen120
\Gm@layouthoffset=\dimen121
\Gm@layoutvoffset=\dimen122
\Gm@dimlist=\toks19
) (/usr/local/texlive/2017/texmf-dist/tex/latex/roboto/roboto.sty
Package: roboto 2015/09/15 (Bob Tennent) Supports Roboto fonts for all LaTeX en
gines.
(/usr/local/texlive/2017/texmf-dist/tex/generic/oberdiek/ifluatex.sty
Package: ifluatex 2016/05/16 v1.4 Provides the ifluatex switch (HO)
Package ifluatex Info: LuaTeX not detected.
) (/usr/local/texlive/2017/texmf-dist/tex/latex/xkeyval/xkeyval.sty
Package: xkeyval 2014/12/03 v2.7a package option processing (HA)
(/usr/local/texlive/2017/texmf-dist/tex/generic/xkeyval/xkeyval.tex (/usr/local
/texlive/2017/texmf-dist/tex/generic/xkeyval/xkvutils.tex
\XKV@toks=\toks20
\XKV@tempa@toks=\toks21
)
\XKV@depth=\count99
File: xkeyval.tex 2014/12/03 v2.7a key=value parser (HA)
)) (/usr/local/texlive/2017/texmf-dist/tex/latex/base/textcomp.sty
Package: textcomp 2017/04/05 v2.0i Standard LaTeX package
Package textcomp Info: Sub-encoding information:
(textcomp)               5 = only ISO-Adobe without \textcurrency
(textcomp)               4 = 5 + \texteuro
(textcomp)               3 = 4 + \textohm
(textcomp)               2 = 3 + \textestimated + \textcurrency
(textcomp)               1 = TS1 - \textcircled - \t
(textcomp)               0 = TS1 (full)
(textcomp)             Font families with sub-encoding setting implement
(textcomp)             only a restricted character set as indicated.
(textcomp)             Family '?' is the default used for unknown fonts.
(textcomp)             See the documentation for details.
Package textcomp Info: Setting ? sub-encoding to TS1/1 on input line 79.
(/usr/local/texlive/2017/texmf-dist/tex/latex/base/ts1enc.def
File: ts1enc.def 2001/06/05 v3.0e (jk/car/fm) Standard LaTeX file
)
LaTeX Info: Redefining \oldstylenums on input line 334.
Package textcomp Info: Setting cmr sub-encoding to TS1/0 on input line 349.
Package textcomp Info: Setting cmss sub-encoding to TS1/0 on input line 350.
Package textcomp Info: Setting cmtt sub-encoding to TS1/0 on input line 351.
Package textcomp Info: Setting cmvtt sub-encoding to TS1/0 on input line 352.
Package textcomp Info: Setting cmbr sub-encoding to TS1/0 on input line 353.
Package textcomp Info: Setting cmtl sub-encoding to TS1/0 on input line 354.
Package textcomp Info: Setting ccr sub-encoding to TS1/0 on input line 355.
Package textcomp Info: Setting ptm sub-encoding to TS1/4 on input line 356.
Package textcomp Info: Setting pcr sub-encoding to TS1/4 on input line 357.
Package textcomp Info: Setting phv sub-encoding to TS1/4 on input line 358.
Package textcomp Info: Setting ppl sub-encoding to TS1/3 on input line 359.
Package textcomp Info: Setting pag sub-encoding to TS1/4 on input line 360.
Package textcomp Info: Setting pbk sub-encoding to TS1/4 on input line 361.
Package textcomp Info: Setting pnc sub-encoding to TS1/4 on input line 362.
Package textcomp Info: Setting pzc sub-encoding to TS1/4 on input line 363.
Package textcomp Info: Setting bch sub-encoding to TS1/4 on input line 364.
Package textcomp Info: Setting put sub-encoding to TS1/5 on input line 365.
Package textcomp Info: Setting uag sub-encoding to TS1/5 on input line 366.
Package textcomp Info: Setting ugq sub-encoding to TS1/5 on input line 367.
Package textcomp Info: Setting ul8 sub-encoding to TS1/4 on input line 368.
Package textcomp Info: Setting ul9 sub-encoding to TS1/4 on input line 369.
Package textcomp Info: Setting augie sub-encoding to TS1/5 on input line 370.
Package textcomp Info: Setting dayrom sub-encoding to TS1/3 on input line 371.
Package textcomp Info: Setting dayroms sub-encoding to TS1/3 on input line 372.

Package textcomp Info: Setting pxr sub-encoding to TS1/0 on input line 373.
Package textcomp Info: Setting pxss sub-encoding to TS1/0 on input line 374.
Package textcomp Info: Setting pxtt sub-encoding to TS1/0 on input line 375.
Package textcomp Info: Setting txr sub-encoding to TS1/0 on input line 376.
Package textcomp Info: Setting txss sub-encoding to TS1/0 on input line 377.
Package textcomp Info: Setting txtt sub-encoding to TS1/0 on input line 378.
Package textcomp Info: Setting lmr sub-encoding to TS1/0 on input line 379.
Package textcomp Info: Setting lmdh sub-encoding to TS1/0 on input line 380.
Package textcomp Info: Setting lmss sub-encoding to TS1/0 on input line 381.
Package textcomp Info: Setting lmssq sub-encoding to TS1/0 on input line 382.
Package textcomp Info: Setting lmvtt sub-encoding to TS1/0 on input line 383.
Package textcomp Info: Setting lmtt sub-encoding to TS1/0 on input line 384.
Package textcomp Info: Setting qhv sub-encoding to TS1/0 on input line 385.
Package textcomp Info: Setting qag sub-encoding to TS1/0 on input line 386.
Package textcomp Info: Setting qbk sub-encoding to TS1/0 on input line 387.
Package textcomp Info: Setting qcr sub-encoding to TS1/0 on input line 388.
Package textcomp Info: Setting qcs sub-encoding to TS1/0 on input line 389.
Package textcomp Info: Setting qpl sub-encoding to TS1/0 on input line 390.
Package textcomp Info: Setting qtm sub-encoding to TS1/0 on input line 391.
Package textcomp Info: Setting qzc sub-encoding to TS1/0 on input line 392.
Package textcomp Info: Setting qhvc sub-encoding to TS1/0 on input line 393.
Package textcomp Info: Setting futs sub-encoding to TS1/4 on input line 394.
Package textcomp Info: Setting futx sub-encoding to TS1/4 on input line 395.
Package textcomp Info: Setting futj sub-encoding to TS1/4 on input line 396.
Package textcomp Info: Setting hlh sub-encoding to TS1/3 on input line 397.
Package textcomp Info: Setting hls sub-encoding to TS1/3 on input line 398.
Package textcomp Info: Setting hlst sub-encoding to TS1/3 on input line 399.
Package textcomp Info: Setting hlct sub-encoding to TS1/5 on input line 400.
Package textcomp Info: Setting hlx sub-encoding to TS1/5 on input line 401.
Package textcomp Info: Setting hlce sub-encoding to TS1/5 on input line 402.
Package textcomp Info: Setting hlcn sub-encoding to TS1/5 on input line 403.
Package textcomp Info: Setting hlcw sub-encoding to TS1/5 on input line 404.
Package textcomp Info: Setting hlcf sub-encoding to TS1/5 on input line 405.
Package textcomp Info: Setting pplx sub-encoding to TS1/3 on input line 406.
Package textcomp Info: Setting pplj sub-encoding to TS1/3 on input line 407.
Package textcomp Info: Setting ptmx sub-encoding to TS1/4 on input line 408.
Package textcomp Info: Setting ptmj sub-encoding to TS1/4 on input line 409.
) (/usr/local/texlive/2017/texmf-dist/tex/latex/base/fontenc.sty
Package: fontenc 2017/04/05 v2.0i Standard LaTeX package
) (/usr/local/texlive/2017/texmf-dist/tex/latex/fontaxes/fontaxes.sty
Package: fontaxes 2014/03/23 v1.0d Font selection axes
LaTeX Info: Redefining \upshape on input line 29.
LaTeX Info: Redefining \itshape on input line 31.
LaTeX Info: Redefining \slshape on input line 33.
LaTeX Info: Redefining \scshape on input line 37.
) (/usr/local/texlive/2017/texmf-dist/tex/latex/mweights/mweights.sty
Package: mweights 2017/03/30 (Bob Tennent) Support package for multiple-weight 
font packages. 
LaTeX Info: Redefining \bfseries on input line 22.
LaTeX Info: Redefining \mdseries on input line 30.
LaTeX Info: Redefining \rmfamily on input line 38.
LaTeX Info: Redefining \sffamily on input line 66.
LaTeX Info: Redefining \ttfamily on input line 94.
)
LaTeX Info: Redefining \oldstylenums on input line 188.
) (/usr/local/texlive/2017/texmf-dist/tex/latex/base/fontenc.sty
Package: fontenc 2017/04/05 v2.0i Standard LaTeX package
(/usr/local/texlive/2017/texmf-dist/tex/latex/base/t1enc.def
File: t1enc.def 2017/04/05 v2.0i Standard LaTeX file
LaTeX Font Info:    Redeclaring font encoding T1 on input line 48.
)) (/usr/local/texlive/2017/texmf-dist/tex/latex/enumitem/enumitem.sty
Package: enumitem 2011/09/28 v3.5.2 Customized lists
\labelindent=\skip73
\enit@outerparindent=\dimen123
\enit@toks=\toks22
\enit@inbox=\box30
\enitdp@description=\count100
) (/compile/output.aux)
\openout1 = `output.aux'.

LaTeX Font Info:    Checking defaults for OML/cmm/m/it on input line 30.
LaTeX Font Info:    ... okay on input line 30.
LaTeX Font Info:    Checking defaults for T1/cmr/m/n on input line 30.
LaTeX Font Info:    ... okay on input line 30.
LaTeX Font Info:    Checking defaults for OT1/cmr/m/n on input line 30.
LaTeX Font Info:    ... okay on input line 30.
LaTeX Font Info:    Checking defaults for OMS/cmsy/m/n on input line 30.
LaTeX Font Info:    ... okay on input line 30.
LaTeX Font Info:    Checking defaults for OMX/cmex/m/n on input line 30.
LaTeX Font Info:    ... okay on input line 30.
LaTeX Font Info:    Checking defaults for U/cmr/m/n on input line 30.
LaTeX Font Info:    ... okay on input line 30.
LaTeX Font Info:    Checking defaults for TS1/cmr/m/n on input line 30.
LaTeX Font Info:    Try loading font information for TS1+cmr on input line 30.
(/usr/local/texlive/2017/texmf-dist/tex/latex/base/ts1cmr.fd
File: ts1cmr.fd 2014/09/29 v2.5h Standard LaTeX font definitions
)
LaTeX Font Info:    ... okay on input line 30.
LaTeX Font Info:    Try loading font information for T1+Roboto-LF on input line
 30.
(/usr/local/texlive/2017/texmf-dist/tex/latex/roboto/T1Roboto-LF.fd
File: T1Roboto-LF.fd 2015/09/15 (autoinst) Font definitions for T1/Roboto-LF.
)
LaTeX Font Info:    Font shape `T1/Roboto-LF/m/n' will be
(Font)              scaled to size 10.95pt on input line 30.
(/usr/local/texlive/2017/texmf-dist/tex/context/base/mkii/supp-pdf.mkii
[Loading MPS to PDF converter (version 2006.09.02).]
\scratchcounter=\count101
\scratchdimen=\dimen124
\scratchbox=\box31
\nofMPsegments=\count102
\nofMParguments=\count103
\everyMPshowfont=\toks23
\MPscratchCnt=\count104
\MPscratchDim=\dimen125
\MPnumerator=\count105
\makeMPintoPDFobject=\count106
\everyMPtoPDFconversion=\toks24
) (/usr/local/texlive/2017/texmf-dist/tex/latex/oberdiek/epstopdf-base.sty
Package: epstopdf-base 2016/05/15 v2.6 Base part for package epstopdf
(/usr/local/texlive/2017/texmf-dist/tex/generic/oberdiek/infwarerr.sty
Package: infwarerr 2016/05/16 v1.4 Providing info/warning/error messages (HO)
) (/usr/local/texlive/2017/texmf-dist/tex/latex/oberdiek/grfext.sty
Package: grfext 2016/05/16 v1.2 Manage graphics extensions (HO)
(/usr/local/texlive/2017/texmf-dist/tex/generic/oberdiek/kvdefinekeys.sty
Package: kvdefinekeys 2016/05/16 v1.4 Define keys (HO)
(/usr/local/texlive/2017/texmf-dist/tex/generic/oberdiek/ltxcmds.sty
Package: ltxcmds 2016/05/16 v1.23 LaTeX kernel commands for general use (HO)
))) (/usr/local/texlive/2017/texmf-dist/tex/latex/oberdiek/kvoptions.sty
Package: kvoptions 2016/05/16 v3.12 Key value format for package options (HO)
(/usr/local/texlive/2017/texmf-dist/tex/generic/oberdiek/kvsetkeys.sty
Package: kvsetkeys 2016/05/16 v1.17 Key value parser (HO)
(/usr/local/texlive/2017/texmf-dist/tex/generic/oberdiek/etexcmds.sty
Package: etexcmds 2016/05/16 v1.6 Avoid name clashes with e-TeX commands (HO)
Package etexcmds Info: Could not find \expanded.
(etexcmds)             That can mean that you are not using pdfTeX 1.50 or
(etexcmds)             that some package has redefined \expanded.
(etexcmds)             In the latter case, load this package earlier.
))) (/usr/local/texlive/2017/texmf-dist/tex/generic/oberdiek/pdftexcmds.sty
Package: pdftexcmds 2017/03/19 v0.25 Utility functions of pdfTeX for LuaTeX (HO
)
Package pdftexcmds Info: LuaTeX not detected.
Package pdftexcmds Info: \pdf@primitive is available.
Package pdftexcmds Info: \pdf@ifprimitive is available.
Package pdftexcmds Info: \pdfdraftmode found.
)
Package epstopdf-base Info: Redefining graphics rule for `.eps' on input line 4
38.
Package grfext Info: Graphics extension search list:
(grfext)             [.pdf,.png,.jpg,.mps,.jpeg,.jbig2,.jb2,.PDF,.PNG,.JPG,.JPE
G,.JBIG2,.JB2,.eps]
(grfext)             \AppendGraphicsExtensions on input line 456.
(/usr/local/texlive/2017/texmf-dist/tex/latex/latexconfig/epstopdf-sys.cfg
File: epstopdf-sys.cfg 2010/07/13 v1.3 Configuration of (r)epstopdf for TeX Liv
e
))
LaTeX Info: Redefining \microtypecontext on input line 30.
Package microtype Info: Generating PDF output.
Package microtype Info: Character protrusion enabled (level 2).
Package microtype Info: Using default protrusion set `alltext'.
Package microtype Info: Automatic font expansion enabled (level 2),
(microtype)             stretch: 20, shrink: 20, step: 1, non-selected.
Package microtype Info: Using default expansion set `basictext'.
Package microtype Info: No adjustment of tracking.
Package microtype Info: No adjustment of interword spacing.
Package microtype Info: No adjustment of character kerning.
Package microtype Info: Loading generic settings for font family
(microtype)             `Roboto-LF' (encoding: T1).
(microtype)             For optimal results, create family-specific settings.
(microtype)             See the microtype manual for details.
ABD: EverySelectfont initializing macros
LaTeX Info: Redefining \selectfont on input line 30.
*geometry* driver: auto-detecting
*geometry* detected driver: pdftex
*geometry* verbose mode - [ preamble ] result:
* driver: pdftex
* paper: a4paper
* layout: <same size as paper>
* layoutoffset:(h,v)=(0.0pt,0.0pt)
* modes: 
* h-part:(L,W,R)=(42.67912pt, 512.14963pt, 42.67912pt)
* v-part:(T,H,B)=(42.67912pt, 759.6886pt, 42.67912pt)
* \paperwidth=597.50787pt
* \paperheight=845.04684pt
* \textwidth=512.14963pt
* \textheight=759.6886pt
* \oddsidemargin=-29.59087pt
* \evensidemargin=-29.59087pt
* \topmargin=-66.59087pt
* \headheight=12.0pt
* \headsep=25.0pt
* \topskip=11.0pt
* \footskip=30.0pt
* \marginparwidth=59.0pt
* \marginparsep=10.0pt
* \columnsep=10.0pt
* \skip\footins=10.0pt plus 4.0pt minus 2.0pt
* \hoffset=0.0pt
* \voffset=0.0pt
* \mag=1000
* \@twocolumnfalse
* \@twosidefalse
* \@mparswitchfalse
* \@reversemarginfalse
* (1in=72.27pt=25.4mm, 1cm=28.453pt)

\c@mv@tabular=\count107
\c@mv@boldtabular=\count108
LaTeX Font Info:    Font shape `T1/Roboto-LF/b/n' will be
(Font)              scaled to size 30.0pt on input line 35.
LaTeX Font Info:    Font shape `T1/Roboto-LF/l/n' will be
(Font)              scaled to size 30.0pt on input line 36.
LaTeX Font Info:    Font shape `T1/Roboto-LF/l/n' will be
(Font)              scaled to size 16.0pt on input line 37.
<saurav.jpg, id=1, 9611.91pt x 12430.44pt>
File: saurav.jpg Graphic file (type jpg)
<use saurav.jpg>
Package pdftex.def Info: saurav.jpg  used on input line 146. on input line 146.

Package pdftex.def Info: Requested size: 115.27927pt x 149.08298pt on input lin
e 146.
LaTeX Font Info:    Font shape `T1/Roboto-LF/m/n' will be
(Font)              scaled to size 15.5pt on input line 146.
LaTeX Font Info:    Font shape `T1/Roboto-LF/mb/n' will be
(Font)              scaled to size 15.5pt on input line 146.
LaTeX Font Info:    Font shape `T1/Roboto-LF/mb/n' will be
(Font)              scaled to size 11.5pt on input line 146.
LaTeX Font Info:    Font shape `T1/Roboto-LF/l/n' will be
(Font)              scaled to size 11.5pt on input line 146.
LaTeX Font Info:    Font shape `T1/Roboto-LF/m/n' will be
(Font)              scaled to size 10.0pt on input line 146.
LaTeX Font Info:    Font shape `T1/Roboto-LF/mb/n' will be
(Font)              scaled to size 10.0pt on input line 146.

! LaTeX Error: There's no line here to end.

See the LaTeX manual or LaTeX Companion for explanation.
Type  H <return>  for immediate help.
 ...                                              
                                                  
l.146 \end{vwcol}
                 
Your command was ignored.
Type  I <command> <return>  to replace it with another command,
or  <return>  to continue without it.

(/usr/local/texlive/2017/texmf-dist/tex/latex/microtype/mt-cmr.cfg
File: mt-cmr.cfg 2013/05/19 v2.2 microtype config. file: Computer Modern Roman 
(RS)
)
LaTeX Font Info:    External font `cmex10' loaded for size
(Font)              <7> on input line 146.
LaTeX Font Info:    External font `cmex10' loaded for size
(Font)              <5> on input line 146.
LaTeX Font Info:    Font shape `T1/Roboto-LF/m/n' will be
(Font)              scaled to size 11.5pt on input line 146.
LaTeX Font Info:    Calculating math sizes for size <11.5> on input line 146.

LaTeX Font Warning: Font shape `OT1/cmr/m/n' in size <11.5> not available
(Font)              size <12> substituted on input line 146.


LaTeX Font Warning: Font shape `OML/cmm/m/it' in size <11.5> not available
(Font)              size <12> substituted on input line 146.


LaTeX Font Warning: Font shape `OMS/cmsy/m/n' in size <11.5> not available
(Font)              size <12> substituted on input line 146.

LaTeX Font Info:    External font `cmex10' loaded for size
(Font)              <11.5> on input line 146.
LaTeX Font Info:    External font `cmex10' loaded for size
(Font)              <8.04996> on input line 146.
LaTeX Font Info:    External font `cmex10' loaded for size
(Font)              <5.75> on input line 146.
<github.png, id=2, 174.6525pt x 159.59625pt>
File: github.png Graphic file (type png)
<use github.png>
Package pdftex.def Info: github.png  used on input line 146. on input line 146.

Package pdftex.def Info: Requested size: 20.95738pt x 19.15071pt on input line 
146.

Overfull \hbox (9.5763pt too wide) in paragraph at lines 146--146
[]|[]| 
 []

LaTeX Font Info:    Font shape `T1/Roboto-LF/mb/it' will be
(Font)              scaled to size 11.5pt on input line 146.

Overfull \hbox (1.01186pt too wide) in paragraph at lines 146--146
[]|\T1/Roboto-LF/mb/it/11.5 hacksaurav| 
 []

<linkedin.png, id=3, 225.84375pt x 225.84375pt>
File: linkedin.png Graphic file (type png)
<use linkedin.png>
Package pdftex.def Info: linkedin.png  used on input line 146. on input line 14
6.
Package pdftex.def Info: Requested size: 22.5857pt x 22.5857pt on input line 14
6.

Overfull \hbox (11.2046pt too wide) in paragraph at lines 146--146
[]|[]| 
 []


Overfull \hbox (3.18419pt too wide) in paragraph at lines 146--146
[]|\T1/Roboto-LF/mb/it/11.5 in/saurav98| 
 []

LaTeX Font Info:    Font shape `T1/Roboto-LF/m/n' will be
(Font)              scaled to size 17.28pt on input line 146.
LaTeX Font Info:    Font shape `T1/Roboto-LF/mb/n' will be
(Font)              scaled to size 17.28pt on input line 146.

Overfull \hbox (15.57677pt too wide) in paragraph at lines 146--146
[] 
 []


Overfull \hbox (9.85083pt too wide) in paragraph at lines 146--146
\T1/Roboto-LF/m/n/10 (-20) https://drive.google.com/folderview?id=1c1WKXYKnKe-J
Wh214p9ESyvSVbsgZGpb 
 []


Overfull \hbox (163.82216pt too wide) in paragraph at lines 146--146
[]$[]$ 
 []


Overfull \hbox (163.82216pt too wide) in paragraph at lines 146--146
[]$[]$ 
 []

LaTeX Font Info:    External font `cmex10' loaded for size
(Font)              <10.95> on input line 146.
LaTeX Font Info:    External font `cmex10' loaded for size
(Font)              <8> on input line 146.
LaTeX Font Info:    External font `cmex10' loaded for size
(Font)              <6> on input line 146.
File: saurav.jpg Graphic file (type jpg)
<use saurav.jpg>
Package pdftex.def Info: saurav.jpg  used on input line 146. on input line 146.

Package pdftex.def Info: Requested size: 115.27927pt x 149.08298pt on input lin
e 146.

Overfull \hbox (3.61615pt too wide) in paragraph at lines 146--146
|[]
 []


Overfull \hbox (7.77457pt too wide) in paragraph at lines 146--146
\T1/Roboto-LF/mb/n/11.5 sauravgalaxy64@gmail 
 []


Underfull \hbox (badness 10000) in paragraph at lines 146--146

 []


! LaTeX Error: There's no line here to end.

See the LaTeX manual or LaTeX Companion for explanation.
Type  H <return>  for immediate help.
 ...                                              
                                                  
l.146 \end{vwcol}
                 
Your command was ignored.
Type  I <command> <return>  to replace it with another command,
or  <return>  to continue without it.


Underfull \hbox (badness 10000) in paragraph at lines 146--146

 []

File: github.png Graphic file (type png)
<use github.png>
Package pdftex.def Info: github.png  used on input line 146. on input line 146.

Package pdftex.def Info: Requested size: 20.95738pt x 19.15071pt on input line 
146.

Overfull \hbox (9.5763pt too wide) in paragraph at lines 146--146
[]|[]| 
 []


Overfull \hbox (1.01186pt too wide) in paragraph at lines 146--146
[]|\T1/Roboto-LF/mb/it/11.5 hacksaurav| 
 []

File: linkedin.png Graphic file (type png)
<use linkedin.png>
Package pdftex.def Info: linkedin.png  used on input line 146. on input line 14
6.
Package pdftex.def Info: Requested size: 22.5857pt x 22.5857pt on input line 14
6.

Overfull \hbox (11.2046pt too wide) in paragraph at lines 146--146
[]|[]| 
 []


Overfull \hbox (3.18419pt too wide) in paragraph at lines 146--146
[]|\T1/Roboto-LF/mb/it/11.5 in/saurav98| 
 []


Underfull \hbox (badness 10000) in paragraph at lines 146--146

 []


Underfull \hbox (badness 10000) in paragraph at lines 146--146
[]|\T1/Roboto-LF/m/n/10 (+20) Degree/
 []


Underfull \hbox (badness 10000) in paragraph at lines 146--146
\T1/Roboto-LF/m/n/10 (+20) Eaxam(with
 []


Underfull \hbox (badness 10000) in paragraph at lines 146--146
[]|\T1/Roboto-LF/m/n/10 (+20) Year of
 []


Underfull \hbox (badness 10000) in paragraph at lines 146--146
[]|\T1/Roboto-LF/m/n/10 (+20) Percentage
 []


Underfull \hbox (badness 10000) in paragraph at lines 146--146
\T1/Roboto-LF/m/n/10 (+20) of marks/
 []


Underfull \hbox (badness 10000) in paragraph at lines 146--146
[]|\T1/Roboto-LF/m/n/10 (+20) UIET,panjab
 []


Underfull \hbox (badness 7722) in paragraph at lines 146--146
[]|\T1/Roboto-LF/m/n/10 (+20) Higher Sec-ondary
 []


Underfull \hbox (badness 10000) in paragraph at lines 146--146
[]|\T1/Roboto-LF/m/n/10 (+20) K.V.3BRD, AFS,
 []


Underfull \hbox (badness 10000) in paragraph at lines 146--146
[]|\T1/Roboto-LF/m/n/10 (+20) Secondary
 []


Underfull \hbox (badness 10000) in paragraph at lines 146--146
\T1/Roboto-LF/m/n/10 (+20) School(Class
 []


Underfull \hbox (badness 10000) in paragraph at lines 146--146
[]|\T1/Roboto-LF/m/n/10 (+20) K.V.3BRD, AFS,
 []


Overfull \hbox (15.57677pt too wide) in paragraph at lines 146--146
[] 
 []


Underfull \hbox (badness 10000) in paragraph at lines 146--146

 []


Underfull \hbox (badness 10000) in paragraph at lines 146--146

 []


Overfull \hbox (9.85083pt too wide) in paragraph at lines 146--146
\T1/Roboto-LF/m/n/10 (-20) https://drive.google.com/folderview?id=1c1WKXYKnKe-J
Wh214p9ESyvSVbsgZGpb 
 []


Underfull \vbox (badness 10000) detected at line 146
 []


Underfull \hbox (badness 10000) detected at line 146
[] []|[] []
 []

File: saurav.jpg Graphic file (type jpg)
<use saurav.jpg>
Package pdftex.def Info: saurav.jpg  used on input line 146. on input line 146.

Package pdftex.def Info: Requested size: 115.27927pt x 149.08298pt on input lin
e 146.

Overfull \hbox (3.61615pt too wide) in paragraph at lines 146--146
|[]
 []


Overfull \hbox (7.77457pt too wide) in paragraph at lines 146--146
\T1/Roboto-LF/mb/n/11.5 sauravgalaxy64@gmail 
 []


Underfull \hbox (badness 10000) in paragraph at lines 146--146

 []


! LaTeX Error: There's no line here to end.

See the LaTeX manual or LaTeX Companion for explanation.
Type  H <return>  for immediate help.
 ...                                              
                                                  
l.146 \end{vwcol}
                 
Your command was ignored.
Type  I <command> <return>  to replace it with another command,
or  <return>  to continue without it.


Underfull \hbox (badness 10000) in paragraph at lines 146--146

 []

File: github.png Graphic file (type png)
<use github.png>
Package pdftex.def Info: github.png  used on input line 146. on input line 146.

Package pdftex.def Info: Requested size: 20.95738pt x 19.15071pt on input line 
146.

Overfull \hbox (9.5763pt too wide) in paragraph at lines 146--146
[]|[]| 
 []


Overfull \hbox (1.01186pt too wide) in paragraph at lines 146--146
[]|\T1/Roboto-LF/mb/it/11.5 hacksaurav| 
 []

File: linkedin.png Graphic file (type png)
<use linkedin.png>
Package pdftex.def Info: linkedin.png  used on input line 146. on input line 14
6.
Package pdftex.def Info: Requested size: 22.5857pt x 22.5857pt on input line 14
6.

Overfull \hbox (11.2046pt too wide) in paragraph at lines 146--146
[]|[]| 
 []


Overfull \hbox (3.18419pt too wide) in paragraph at lines 146--146
[]|\T1/Roboto-LF/mb/it/11.5 in/saurav98| 
 []


Underfull \hbox (badness 10000) in paragraph at lines 146--146

 []


Underfull \hbox (badness 10000) in paragraph at lines 146--146
[]|\T1/Roboto-LF/m/n/10 (+20) Degree/
 []


Underfull \hbox (badness 10000) in paragraph at lines 146--146
\T1/Roboto-LF/m/n/10 (+20) Eaxam(with
 []


Underfull \hbox (badness 10000) in paragraph at lines 146--146
[]|\T1/Roboto-LF/m/n/10 (+20) Year of
 []


Underfull \hbox (badness 10000) in paragraph at lines 146--146
[]|\T1/Roboto-LF/m/n/10 (+20) Percentage
 []


Underfull \hbox (badness 10000) in paragraph at lines 146--146
\T1/Roboto-LF/m/n/10 (+20) of marks/
 []


Underfull \hbox (badness 10000) in paragraph at lines 146--146
[]|\T1/Roboto-LF/m/n/10 (+20) UIET,panjab
 []


Underfull \hbox (badness 7722) in paragraph at lines 146--146
[]|\T1/Roboto-LF/m/n/10 (+20) Higher Sec-ondary
 []


Underfull \hbox (badness 10000) in paragraph at lines 146--146
[]|\T1/Roboto-LF/m/n/10 (+20) K.V.3BRD, AFS,
 []


Underfull \hbox (badness 10000) in paragraph at lines 146--146
[]|\T1/Roboto-LF/m/n/10 (+20) Secondary
 []


Underfull \hbox (badness 10000) in paragraph at lines 146--146
\T1/Roboto-LF/m/n/10 (+20) School(Class
 []


Underfull \hbox (badness 10000) in paragraph at lines 146--146
[]|\T1/Roboto-LF/m/n/10 (+20) K.V.3BRD, AFS,
 []


Overfull \hbox (15.57677pt too wide) in paragraph at lines 146--146
[] 
 []


Underfull \hbox (badness 10000) in paragraph at lines 146--146

 []


Underfull \hbox (badness 10000) in paragraph at lines 146--146

 []


Overfull \hbox (9.85083pt too wide) in paragraph at lines 146--146
\T1/Roboto-LF/m/n/10 (-20) https://drive.google.com/folderview?id=1c1WKXYKnKe-J
Wh214p9ESyvSVbsgZGpb 
 []


Underfull \vbox (badness 10000) detected at line 146
 []


Underfull \vbox (badness 10000) detected at line 146
 []


Overfull \hbox (227.05017pt too wide) detected at line 146
[] []|[] []
 []

[1

{/usr/local/texlive/2017/texmf-var/fonts/map/pdftex/updmap/pdftex.map} </compil
e/saurav.jpg> </compile/github.png> </compile/linkedin.png>]
LaTeX Font Info:    Try loading font information for TS1+Roboto-LF on input lin
e 157.
(/usr/local/texlive/2017/texmf-dist/tex/latex/roboto/TS1Roboto-LF.fd
File: TS1Roboto-LF.fd 2015/09/15 (autoinst) Font definitions for TS1/Roboto-LF.

)
LaTeX Font Info:    Font shape `TS1/Roboto-LF/m/n' will be
(Font)              scaled to size 10.0pt on input line 157.
Package microtype Info: Loading generic settings for font family
(microtype)             `Roboto-LF' (encoding: TS1).
(microtype)             For optimal results, create family-specific settings.
(microtype)             See the microtype manual for details.

Underfull \hbox (badness 10000) in paragraph at lines 158--159

 []


Underfull \hbox (badness 10000) in paragraph at lines 162--163

 []


Underfull \hbox (badness 10000) in paragraph at lines 168--169

 []


Underfull \hbox (badness 10000) in paragraph at lines 170--171

 []


Underfull \hbox (badness 10000) in paragraph at lines 178--179

 []

LaTeX Font Info:    Font shape `T1/Roboto-LF/m/n' will be
(Font)              scaled to size 7.0pt on input line 187.

Underfull \hbox (badness 10000) in paragraph at lines 184--188

 []


Underfull \hbox (badness 10000) in paragraph at lines 189--191

 []


Underfull \hbox (badness 10000) in paragraph at lines 192--194

 []


Underfull \hbox (badness 10000) in paragraph at lines 195--197

 []


Underfull \hbox (badness 10000) in paragraph at lines 203--204

 []


Overfull \hbox (31.80782pt too wide) in paragraph at lines 150--211
[]$[]$  
 []

[2]
LaTeX Font Info:    Font shape `TS1/Roboto-LF/m/n' will be
(Font)              scaled to size 10.95pt on input line 219.
LaTeX Font Info:    Font shape `T1/Roboto-LF/mb/n' will be
(Font)              scaled to size 10.95pt on input line 220.
LaTeX Font Info:    Font shape `T1/Roboto-LF/mb/n' will be
(Font)              scaled to size 7.0pt on input line 234.

Underfull \hbox (badness 1509) in paragraph at lines 259--260
[]\T1/Roboto-LF/mb/n/10 Dr.Sakshi Kaushal, \T1/Roboto-LF/m/n/10 (+20) Pro-fes-s
or, De-part-ment of Com-puter Sci-ence and En-gi-neer-ing, UIET, Pan-jab Uni-ve
r-sity,
 []


Overfull \hbox (29.99997pt too wide) in paragraph at lines 213--270
[]$[]$ 
 []

[3] (/compile/output.aux)

LaTeX Font Warning: Size substitutions with differences
(Font)              up to 0.5pt have occurred.

 ) 
Here is how much of TeX's memory you used:
 5879 strings out of 492990
 96328 string characters out of 6132621
 219159 words of memory out of 5000000
 9234 multiletter control sequences out of 15000+600000
 103763 words of font info for 101 fonts, out of 8000000 for 9000
 1141 hyphenation exceptions out of 8191
 40i,18n,56p,416b,499s stack positions out of 5000i,500n,10000p,200000b,80000s
{/usr/local/texlive/2017/texmf-dist/fonts/enc/dvips/roboto/rbto_bergpl.enc}{/
usr/local/texlive/2017/texmf-dist/fonts/enc/dvips/roboto/rbto_idpkzy.enc}</usr/
local/texlive/2017/texmf-dist/fonts/type1/google/roboto/Roboto-Bold.pfb></usr/l
ocal/texlive/2017/texmf-dist/fonts/type1/google/roboto/Roboto-Light.pfb></usr/l
ocal/texlive/2017/texmf-dist/fonts/type1/google/roboto/Roboto-Medium.pfb></usr/
local/texlive/2017/texmf-dist/fonts/type1/google/roboto/Roboto-MediumItalic.pfb
></usr/local/texlive/2017/texmf-dist/fonts/type1/google/roboto/Roboto-Regular.p
fb>
Output written on /compile/output.pdf (3 pages, 110862 bytes).
PDF statistics:
 42 PDF objects out of 1000 (max. 8388607)
 27 compressed objects within 1 object stream
 0 named destinations out of 1000 (max. 500000)
 25104 words of extra memory for PDF output out of 29859 (max. 10000000)

